2016-11-08 09:32:31 943  [restartedMain] INFO  com.tts.BootExerciseApplication - Starting BootExerciseApplication on mike-PC with PID 6324 (D:\workspace\spring_boot\boot_exercise\target\classes started by mike in D:\workspace\spring_boot\boot_exercise)
2016-11-08 09:32:31 953  [restartedMain] INFO  com.tts.BootExerciseApplication - The following profiles are active: test
2016-11-08 09:32:31 1249 [restartedMain] INFO  o.s.b.c.e.AnnotationConfigEmbeddedWebApplicationContext - Refreshing org.springframework.boot.context.embedded.AnnotationConfigEmbeddedWebApplicationContext@32a9fa09: startup date [Tue Nov 08 21:32:31 CST 2016]; root of context hierarchy
2016-11-08 09:32:34 3722 [restartedMain] INFO  o.s.c.s.PostProcessorRegistrationDelegate$BeanPostProcessorChecker - Bean 'org.springframework.transaction.annotation.ProxyTransactionManagementConfiguration' of type [class org.springframework.transaction.annotation.ProxyTransactionManagementConfiguration$$EnhancerBySpringCGLIB$$90735586] is not eligible for getting processed by all BeanPostProcessors (for example: not eligible for auto-proxying)
2016-11-08 09:32:34 4372 [restartedMain] INFO  o.s.b.c.e.t.TomcatEmbeddedServletContainer - Tomcat initialized with port(s): 80 (http)
2016-11-08 09:32:34 4388 [restartedMain] INFO  o.a.catalina.core.StandardService - Starting service Tomcat
2016-11-08 09:32:34 4389 [restartedMain] INFO  o.a.catalina.core.StandardEngine - Starting Servlet Engine: Apache Tomcat/8.5.5
2016-11-08 09:32:34 4500 [localhost-startStop-1] INFO  o.a.c.c.C.[Tomcat].[localhost].[/] - Initializing Spring embedded WebApplicationContext
2016-11-08 09:32:35 4888 [localhost-startStop-1] INFO  o.s.b.w.s.FilterRegistrationBean - Mapping filter: 'metricsFilter' to: [/*]
2016-11-08 09:32:35 4888 [localhost-startStop-1] INFO  o.s.b.w.s.FilterRegistrationBean - Mapping filter: 'characterEncodingFilter' to: [/*]
2016-11-08 09:32:35 4888 [localhost-startStop-1] INFO  o.s.b.w.s.FilterRegistrationBean - Mapping filter: 'hiddenHttpMethodFilter' to: [/*]
2016-11-08 09:32:35 4888 [localhost-startStop-1] INFO  o.s.b.w.s.FilterRegistrationBean - Mapping filter: 'httpPutFormContentFilter' to: [/*]
2016-11-08 09:32:35 4889 [localhost-startStop-1] INFO  o.s.b.w.s.FilterRegistrationBean - Mapping filter: 'requestContextFilter' to: [/*]
2016-11-08 09:32:35 4891 [localhost-startStop-1] INFO  o.s.b.w.s.DelegatingFilterProxyRegistrationBean - Mapping filter: 'springSecurityFilterChain' to: [/*]
2016-11-08 09:32:35 4891 [localhost-startStop-1] INFO  o.s.b.w.s.FilterRegistrationBean - Mapping filter: 'webRequestLoggingFilter' to: [/*]
2016-11-08 09:32:35 4892 [localhost-startStop-1] INFO  o.s.b.w.s.FilterRegistrationBean - Mapping filter: 'sessionTimeoutFilter' to: [/*]
2016-11-08 09:32:35 4892 [localhost-startStop-1] INFO  o.s.b.w.s.FilterRegistrationBean - Mapping filter: 'applicationContextIdFilter' to: [/*]
2016-11-08 09:32:35 4892 [localhost-startStop-1] INFO  o.s.b.w.s.ServletRegistrationBean - Mapping servlet: 'dispatcherServlet' to [/]
2016-11-08 09:32:35 5186 [restartedMain] INFO  o.s.o.j.LocalContainerEntityManagerFactoryBean - Building JPA container EntityManagerFactory for persistence unit 'default'
2016-11-08 09:32:35 5206 [restartedMain] INFO  o.h.jpa.internal.util.LogHelper - HHH000204: Processing PersistenceUnitInfo [
	name: default
	...]
2016-11-08 09:32:35 5480 [restartedMain] INFO  org.hibernate.Version - HHH000412: Hibernate Core {5.0.11.Final}
2016-11-08 09:32:35 5481 [restartedMain] INFO  org.hibernate.cfg.Environment - HHH000206: hibernate.properties not found
2016-11-08 09:32:35 5483 [restartedMain] INFO  org.hibernate.cfg.Environment - HHH000021: Bytecode provider name : javassist
2016-11-08 09:32:35 5534 [restartedMain] INFO  o.h.annotations.common.Version - HCANN000001: Hibernate Commons Annotations {5.0.1.Final}
2016-11-08 09:32:37 6721 [restartedMain] INFO  org.hibernate.dialect.Dialect - HHH000400: Using dialect: org.hibernate.dialect.SQLServer2012Dialect
2016-11-08 09:32:37 6892 [restartedMain] INFO  o.h.e.j.e.i.LobCreatorBuilderImpl - HHH000423: Disabling contextual LOB creation as JDBC driver reported JDBC version [3] less than 4
2016-11-08 09:32:37 7338 [restartedMain] INFO  o.h.tool.hbm2ddl.SchemaUpdate - HHH000228: Running hbm2ddl schema update
2016-11-08 09:32:37 7582 [restartedMain] INFO  o.h.t.s.e.i.InformationExtractorJdbcDatabaseMetaDataImpl - HHH000262: Table not found: users_roles
2016-11-08 09:32:37 7592 [restartedMain] INFO  o.h.t.s.e.i.InformationExtractorJdbcDatabaseMetaDataImpl - HHH000262: Table not found: users_roles
2016-11-08 09:32:37 7596 [restartedMain] INFO  o.h.t.s.e.i.InformationExtractorJdbcDatabaseMetaDataImpl - HHH000262: Table not found: users_roles
2016-11-08 09:32:38 7733 [restartedMain] INFO  o.s.o.j.LocalContainerEntityManagerFactoryBean - Initialized JPA EntityManagerFactory for persistence unit 'default'
2016-11-08 09:32:38 8400 [restartedMain] INFO  o.h.h.i.QueryTranslatorFactoryInitiator - HHH000397: Using ASTQueryTranslatorFactory
2016-11-08 09:32:39 9495 [restartedMain] INFO  com.tts.util.SpringUtil - ApplicationContext配置成功,在普通类可以通过调用SpringUtils.getAppContext()获取applicationContext对象,applicationContext=org.springframework.boot.context.embedded.AnnotationConfigEmbeddedWebApplicationContext@32a9fa09: startup date [Tue Nov 08 21:32:31 CST 2016]; root of context hierarchy
2016-11-08 09:32:40 9707 [restartedMain] INFO  o.s.s.w.DefaultSecurityFilterChain - Creating filter chain: OrRequestMatcher [requestMatchers=[Ant [pattern='/css/**'], Ant [pattern='/js/**'], Ant [pattern='/images/**'], Ant [pattern='/webjars/**'], Ant [pattern='/**/favicon.ico'], Ant [pattern='/error']]], []
2016-11-08 09:32:40 9815 [restartedMain] INFO  o.s.s.w.DefaultSecurityFilterChain - Creating filter chain: org.springframework.security.web.util.matcher.AnyRequestMatcher@1, [org.springframework.security.web.context.request.async.WebAsyncManagerIntegrationFilter@78ced59b, org.springframework.security.web.context.SecurityContextPersistenceFilter@17c22737, org.springframework.security.web.header.HeaderWriterFilter@47185598, org.springframework.security.web.csrf.CsrfFilter@38a90590, org.springframework.security.web.authentication.logout.LogoutFilter@3e8a8c3d, org.springframework.security.web.authentication.UsernamePasswordAuthenticationFilter@923dac, org.springframework.security.web.savedrequest.RequestCacheAwareFilter@5a3f9f9d, org.springframework.security.web.servletapi.SecurityContextHolderAwareRequestFilter@4a6fb46e, org.springframework.security.web.authentication.AnonymousAuthenticationFilter@7f09e8ac, org.springframework.security.web.session.SessionManagementFilter@293926c, org.springframework.security.web.access.ExceptionTranslationFilter@34485c04, org.springframework.security.web.access.intercept.FilterSecurityInterceptor@104446c5]
2016-11-08 09:32:40 9837 [restartedMain] INFO  o.s.s.w.DefaultSecurityFilterChain - Creating filter chain: org.springframework.boot.actuate.autoconfigure.ManagementWebSecurityAutoConfiguration$LazyEndpointPathRequestMatcher@5fb9b679, [org.springframework.security.web.context.request.async.WebAsyncManagerIntegrationFilter@40ac1a6, org.springframework.security.web.context.SecurityContextPersistenceFilter@2c30fe8a, org.springframework.security.web.header.HeaderWriterFilter@503da0e, org.springframework.security.web.authentication.logout.LogoutFilter@76ec8911, org.springframework.security.web.authentication.www.BasicAuthenticationFilter@7f8f504b, org.springframework.security.web.savedrequest.RequestCacheAwareFilter@14b1cc15, org.springframework.security.web.servletapi.SecurityContextHolderAwareRequestFilter@ff9a727, org.springframework.security.web.authentication.AnonymousAuthenticationFilter@182d464, org.springframework.security.web.session.SessionManagementFilter@3b5e74ed, org.springframework.security.web.access.ExceptionTranslationFilter@7589b617, org.springframework.security.web.access.intercept.FilterSecurityInterceptor@14c9f43c]
2016-11-08 09:32:41 10626 [restartedMain] INFO  o.s.b.a.w.WebMvcAutoConfiguration$WelcomePageHandlerMapping - Adding welcome page: class path resource [static/index.html]
2016-11-08 09:32:41 11092 [restartedMain] INFO  o.s.b.a.e.m.EndpointHandlerMapping - Mapped "{[/beans || /beans.json],methods=[GET],produces=[application/json]}" onto public java.lang.Object org.springframework.boot.actuate.endpoint.mvc.EndpointMvcAdapter.invoke()
2016-11-08 09:32:41 11094 [restartedMain] INFO  o.s.b.a.e.m.EndpointHandlerMapping - Mapped "{[/env/{name:.*}],methods=[GET],produces=[application/json]}" onto public java.lang.Object org.springframework.boot.actuate.endpoint.mvc.EnvironmentMvcEndpoint.value(java.lang.String)
2016-11-08 09:32:41 11094 [restartedMain] INFO  o.s.b.a.e.m.EndpointHandlerMapping - Mapped "{[/env || /env.json],methods=[GET],produces=[application/json]}" onto public java.lang.Object org.springframework.boot.actuate.endpoint.mvc.EndpointMvcAdapter.invoke()
2016-11-08 09:32:41 11095 [restartedMain] INFO  o.s.b.a.e.m.EndpointHandlerMapping - Mapped "{[/metrics/{name:.*}],methods=[GET],produces=[application/json]}" onto public java.lang.Object org.springframework.boot.actuate.endpoint.mvc.MetricsMvcEndpoint.value(java.lang.String)
2016-11-08 09:32:41 11096 [restartedMain] INFO  o.s.b.a.e.m.EndpointHandlerMapping - Mapped "{[/metrics || /metrics.json],methods=[GET],produces=[application/json]}" onto public java.lang.Object org.springframework.boot.actuate.endpoint.mvc.EndpointMvcAdapter.invoke()
2016-11-08 09:32:41 11097 [restartedMain] INFO  o.s.b.a.e.m.EndpointHandlerMapping - Mapped "{[/info || /info.json],methods=[GET],produces=[application/json]}" onto public java.lang.Object org.springframework.boot.actuate.endpoint.mvc.EndpointMvcAdapter.invoke()
2016-11-08 09:32:41 11097 [restartedMain] INFO  o.s.b.a.e.m.EndpointHandlerMapping - Mapped "{[/autoconfig || /autoconfig.json],methods=[GET],produces=[application/json]}" onto public java.lang.Object org.springframework.boot.actuate.endpoint.mvc.EndpointMvcAdapter.invoke()
2016-11-08 09:32:41 11100 [restartedMain] INFO  o.s.b.a.e.m.EndpointHandlerMapping - Mapped "{[/trace || /trace.json],methods=[GET],produces=[application/json]}" onto public java.lang.Object org.springframework.boot.actuate.endpoint.mvc.EndpointMvcAdapter.invoke()
2016-11-08 09:32:41 11102 [restartedMain] INFO  o.s.b.a.e.m.EndpointHandlerMapping - Mapped "{[/mappings || /mappings.json],methods=[GET],produces=[application/json]}" onto public java.lang.Object org.springframework.boot.actuate.endpoint.mvc.EndpointMvcAdapter.invoke()
2016-11-08 09:32:41 11103 [restartedMain] INFO  o.s.b.a.e.m.EndpointHandlerMapping - Mapped "{[/dump || /dump.json],methods=[GET],produces=[application/json]}" onto public java.lang.Object org.springframework.boot.actuate.endpoint.mvc.EndpointMvcAdapter.invoke()
2016-11-08 09:32:41 11104 [restartedMain] INFO  o.s.b.a.e.m.EndpointHandlerMapping - Mapped "{[/health || /health.json],produces=[application/json]}" onto public java.lang.Object org.springframework.boot.actuate.endpoint.mvc.HealthMvcEndpoint.invoke(java.security.Principal)
2016-11-08 09:32:41 11104 [restartedMain] INFO  o.s.b.a.e.m.EndpointHandlerMapping - Mapped "{[/heapdump || /heapdump.json],methods=[GET],produces=[application/octet-stream]}" onto public void org.springframework.boot.actuate.endpoint.mvc.HeapdumpMvcEndpoint.invoke(boolean,javax.servlet.http.HttpServletRequest,javax.servlet.http.HttpServletResponse) throws java.io.IOException,javax.servlet.ServletException
2016-11-08 09:32:41 11105 [restartedMain] INFO  o.s.b.a.e.m.EndpointHandlerMapping - Mapped "{[/configprops || /configprops.json],methods=[GET],produces=[application/json]}" onto public java.lang.Object org.springframework.boot.actuate.endpoint.mvc.EndpointMvcAdapter.invoke()
2016-11-08 09:32:41 11247 [restartedMain] INFO  o.s.b.d.a.OptionalLiveReloadServer - LiveReload server is running on port 35729
2016-11-08 09:32:41 11332 [restartedMain] INFO  o.s.j.e.a.AnnotationMBeanExporter - Registering beans for JMX exposure on startup
2016-11-08 09:32:41 11343 [restartedMain] INFO  o.s.c.s.DefaultLifecycleProcessor - Starting beans in phase 0
2016-11-08 09:32:41 11525 [restartedMain] INFO  o.s.b.c.e.t.TomcatEmbeddedServletContainer - Tomcat started on port(s): 80 (http)
2016-11-08 09:32:41 11533 [restartedMain] INFO  com.tts.BootExerciseApplication - Started BootExerciseApplication in 11.08 seconds (JVM running for 11.724)
2016-11-08 09:32:54 23789 [http-nio-80-exec-1] INFO  o.a.c.c.C.[Tomcat].[localhost].[/] - Initializing Spring FrameworkServlet 'dispatcherServlet'
2016-11-08 09:33:31 60806 [http-nio-80-exec-1] DEBUG org.hibernate.SQL - select user0_.id as id1_1_, user0_.password as password2_1_, user0_.username as username3_1_ from users user0_ where user0_.username=?
2016-11-08 09:33:31 60810 [http-nio-80-exec-1] TRACE o.h.type.descriptor.sql.BasicBinder - binding parameter [1] as [VARCHAR] - [lf]
2016-11-08 09:33:31 60841 [http-nio-80-exec-1] DEBUG org.hibernate.SQL - select roles0_.user_id as user_id1_2_0_, roles0_.roles_id as roles_id2_2_0_, role1_.id as id1_0_1_, role1_.name as name2_0_1_ from users_roles roles0_ inner join roles role1_ on roles0_.roles_id=role1_.id where roles0_.user_id=?
2016-11-08 09:33:31 60842 [http-nio-80-exec-1] TRACE o.h.type.descriptor.sql.BasicBinder - binding parameter [1] as [INTEGER] - [2]
