2016-11-05 08:36:39 415  [main] INFO  o.s.b.t.c.SpringBootTestContextBootstrapper - Neither @ContextConfiguration nor @ContextHierarchy found for test class [com.tts.service.UserServiceTests], using SpringBootContextLoader
2016-11-05 08:36:40 424  [main] INFO  o.s.t.c.s.AbstractContextLoader - Could not detect default resource locations for test class [com.tts.service.UserServiceTests]: no resource found for suffixes {-context.xml, Context.groovy}.
2016-11-05 08:36:40 425  [main] INFO  o.s.t.c.s.AnnotationConfigContextLoaderUtils - Could not detect default configuration classes for test class [com.tts.service.UserServiceTests]: UserServiceTests does not declare any static, non-private, non-final, nested classes annotated with @Configuration.
2016-11-05 08:36:40 614  [main] INFO  o.s.b.t.c.SpringBootTestContextBootstrapper - Found @SpringBootConfiguration com.tts.BootExerciseApplication for test class com.tts.service.UserServiceTests
2016-11-05 08:36:40 627  [main] INFO  o.s.b.t.c.SpringBootTestContextBootstrapper - Loaded default TestExecutionListener class names from location [META-INF/spring.factories]: [org.springframework.test.context.web.ServletTestExecutionListener, org.springframework.test.context.support.DirtiesContextBeforeModesTestExecutionListener, org.springframework.test.context.support.DependencyInjectionTestExecutionListener, org.springframework.test.context.support.DirtiesContextTestExecutionListener, org.springframework.test.context.transaction.TransactionalTestExecutionListener, org.springframework.test.context.jdbc.SqlScriptsTestExecutionListener, org.springframework.boot.test.autoconfigure.restdocs.RestDocsTestExecutionListener, org.springframework.boot.test.autoconfigure.web.client.MockRestServiceServerResetTestExecutionListener, org.springframework.boot.test.autoconfigure.web.servlet.MockMvcPrintOnlyOnFailureTestExecutionListener, org.springframework.boot.test.autoconfigure.web.servlet.WebDriverTestExecutionListener, org.springframework.boot.test.mock.mockito.MockitoTestExecutionListener, org.springframework.boot.test.mock.mockito.ResetMocksTestExecutionListener]
2016-11-05 08:36:40 654  [main] INFO  o.s.b.t.c.SpringBootTestContextBootstrapper - Using TestExecutionListeners: [org.springframework.test.context.web.ServletTestExecutionListener@3bb9a3ff, org.springframework.test.context.support.DirtiesContextBeforeModesTestExecutionListener@661972b0, org.springframework.boot.test.autoconfigure.SpringBootDependencyInjectionTestExecutionListener@5af3afd9, org.springframework.test.context.support.DirtiesContextTestExecutionListener@323b36e0, org.springframework.test.context.transaction.TransactionalTestExecutionListener@44ebcd03, org.springframework.test.context.jdbc.SqlScriptsTestExecutionListener@694abbdc, org.springframework.boot.test.autoconfigure.restdocs.RestDocsTestExecutionListener@2e005c4b, org.springframework.boot.test.autoconfigure.web.servlet.MockMvcPrintOnlyOnFailureTestExecutionListener@4567f35d, org.springframework.boot.test.autoconfigure.web.client.MockRestServiceServerResetTestExecutionListener@5ffead27, org.springframework.boot.test.autoconfigure.web.servlet.WebDriverTestExecutionListener@6356695f, org.springframework.boot.test.mock.mockito.MockitoTestExecutionListener@4f18837a, org.springframework.boot.test.mock.mockito.ResetMocksTestExecutionListener@359f7cdf]
2016-11-05 08:36:41 1522 [main] INFO  com.tts.service.UserServiceTests - Starting UserServiceTests on mike-PC with PID 4804 (started by mike in D:\workspace\spring_boot\boot_exercise)
2016-11-05 08:36:41 1522 [main] INFO  com.tts.service.UserServiceTests - The following profiles are active: test
2016-11-05 08:36:43 4135 [main] INFO  o.s.c.s.PostProcessorRegistrationDelegate$BeanPostProcessorChecker - Bean 'org.springframework.transaction.annotation.ProxyTransactionManagementConfiguration' of type [class org.springframework.transaction.annotation.ProxyTransactionManagementConfiguration$$EnhancerBySpringCGLIB$$94d4f57c] is not eligible for getting processed by all BeanPostProcessors (for example: not eligible for auto-proxying)
2016-11-05 08:36:44 4652 [main] INFO  o.s.o.j.LocalContainerEntityManagerFactoryBean - Building JPA container EntityManagerFactory for persistence unit 'default'
2016-11-05 08:36:44 4672 [main] INFO  o.h.jpa.internal.util.LogHelper - HHH000204: Processing PersistenceUnitInfo [
	name: default
	...]
2016-11-05 08:36:44 4768 [main] INFO  org.hibernate.Version - HHH000412: Hibernate Core {5.0.11.Final}
2016-11-05 08:36:44 4769 [main] INFO  org.hibernate.cfg.Environment - HHH000206: hibernate.properties not found
2016-11-05 08:36:44 4771 [main] INFO  org.hibernate.cfg.Environment - HHH000021: Bytecode provider name : javassist
2016-11-05 08:36:44 4822 [main] INFO  o.h.annotations.common.Version - HCANN000001: Hibernate Commons Annotations {5.0.1.Final}
2016-11-05 08:36:45 6071 [main] INFO  org.hibernate.dialect.Dialect - HHH000400: Using dialect: org.hibernate.dialect.SQLServer2012Dialect
2016-11-05 08:36:45 6122 [main] INFO  o.h.e.j.e.i.LobCreatorBuilderImpl - HHH000423: Disabling contextual LOB creation as JDBC driver reported JDBC version [3] less than 4
2016-11-05 08:36:46 6757 [main] INFO  o.h.tool.hbm2ddl.SchemaUpdate - HHH000228: Running hbm2ddl schema update
2016-11-05 08:36:46 6778 [main] INFO  o.h.t.s.e.i.InformationExtractorJdbcDatabaseMetaDataImpl - HHH000262: Table not found: users_roles
2016-11-05 08:36:46 6787 [main] INFO  o.h.t.s.e.i.InformationExtractorJdbcDatabaseMetaDataImpl - HHH000262: Table not found: users_roles
2016-11-05 08:36:46 6792 [main] INFO  o.h.t.s.e.i.InformationExtractorJdbcDatabaseMetaDataImpl - HHH000262: Table not found: users_roles
2016-11-05 08:36:46 6842 [main] INFO  o.s.o.j.LocalContainerEntityManagerFactoryBean - Initialized JPA EntityManagerFactory for persistence unit 'default'
2016-11-05 08:36:47 7710 [main] INFO  o.h.h.i.QueryTranslatorFactoryInitiator - HHH000397: Using ASTQueryTranslatorFactory
2016-11-05 08:36:47 8114 [main] INFO  com.tts.util.SpringUtil - ApplicationContext配置成功,在普通类可以通过调用SpringUtils.getAppContext()获取applicationContext对象,applicationContext=org.springframework.web.context.support.GenericWebApplicationContext@5170bcf4: startup date [Sat Nov 05 20:36:41 CST 2016]; root of context hierarchy
2016-11-05 08:36:48 8495 [main] INFO  o.s.s.w.DefaultSecurityFilterChain - Creating filter chain: OrRequestMatcher [requestMatchers=[Ant [pattern='/css/**'], Ant [pattern='/js/**'], Ant [pattern='/images/**'], Ant [pattern='/webjars/**'], Ant [pattern='/**/favicon.ico'], Ant [pattern='/error']]], []
2016-11-05 08:36:48 8610 [main] INFO  o.s.s.w.DefaultSecurityFilterChain - Creating filter chain: org.springframework.security.web.util.matcher.AnyRequestMatcher@1, [org.springframework.security.web.context.request.async.WebAsyncManagerIntegrationFilter@434a8938, org.springframework.security.web.context.SecurityContextPersistenceFilter@248d2cec, org.springframework.security.web.header.HeaderWriterFilter@6b5e1fc5, org.springframework.security.web.csrf.CsrfFilter@31531d0d, org.springframework.security.web.authentication.logout.LogoutFilter@78d61f17, org.springframework.security.web.authentication.UsernamePasswordAuthenticationFilter@4ec37a42, org.springframework.security.web.savedrequest.RequestCacheAwareFilter@55a055cc, org.springframework.security.web.servletapi.SecurityContextHolderAwareRequestFilter@602c167e, org.springframework.security.web.authentication.AnonymousAuthenticationFilter@237cd264, org.springframework.security.web.session.SessionManagementFilter@18ac25e6, org.springframework.security.web.access.ExceptionTranslationFilter@33a3e5db, org.springframework.security.web.access.intercept.FilterSecurityInterceptor@63f2d024]
2016-11-05 08:36:48 8632 [main] INFO  o.s.s.w.DefaultSecurityFilterChain - Creating filter chain: org.springframework.boot.actuate.autoconfigure.ManagementWebSecurityAutoConfiguration$LazyEndpointPathRequestMatcher@1136122a, [org.springframework.security.web.context.request.async.WebAsyncManagerIntegrationFilter@5a537a16, org.springframework.security.web.context.SecurityContextPersistenceFilter@134955bb, org.springframework.security.web.header.HeaderWriterFilter@191774d6, org.springframework.security.web.authentication.logout.LogoutFilter@20171cdc, org.springframework.security.web.authentication.www.BasicAuthenticationFilter@2f60e66a, org.springframework.security.web.savedrequest.RequestCacheAwareFilter@45b08b17, org.springframework.security.web.servletapi.SecurityContextHolderAwareRequestFilter@6723e6b3, org.springframework.security.web.authentication.AnonymousAuthenticationFilter@72288480, org.springframework.security.web.session.SessionManagementFilter@21ffc00e, org.springframework.security.web.access.ExceptionTranslationFilter@443253a6, org.springframework.security.web.access.intercept.FilterSecurityInterceptor@2a0c244e]
2016-11-05 08:36:49 9552 [main] INFO  o.s.b.a.w.WebMvcAutoConfiguration$WelcomePageHandlerMapping - Adding welcome page: ServletContext resource [/index.html]
2016-11-05 08:36:49 10024 [main] INFO  o.s.b.a.e.m.EndpointHandlerMapping - Mapped "{[/dump || /dump.json],methods=[GET],produces=[application/json]}" onto public java.lang.Object org.springframework.boot.actuate.endpoint.mvc.EndpointMvcAdapter.invoke()
2016-11-05 08:36:49 10025 [main] INFO  o.s.b.a.e.m.EndpointHandlerMapping - Mapped "{[/trace || /trace.json],methods=[GET],produces=[application/json]}" onto public java.lang.Object org.springframework.boot.actuate.endpoint.mvc.EndpointMvcAdapter.invoke()
2016-11-05 08:36:49 10027 [main] INFO  o.s.b.a.e.m.EndpointHandlerMapping - Mapped "{[/health || /health.json],produces=[application/json]}" onto public java.lang.Object org.springframework.boot.actuate.endpoint.mvc.HealthMvcEndpoint.invoke(java.security.Principal)
2016-11-05 08:36:49 10028 [main] INFO  o.s.b.a.e.m.EndpointHandlerMapping - Mapped "{[/mappings || /mappings.json],methods=[GET],produces=[application/json]}" onto public java.lang.Object org.springframework.boot.actuate.endpoint.mvc.EndpointMvcAdapter.invoke()
2016-11-05 08:36:49 10029 [main] INFO  o.s.b.a.e.m.EndpointHandlerMapping - Mapped "{[/heapdump || /heapdump.json],methods=[GET],produces=[application/octet-stream]}" onto public void org.springframework.boot.actuate.endpoint.mvc.HeapdumpMvcEndpoint.invoke(boolean,javax.servlet.http.HttpServletRequest,javax.servlet.http.HttpServletResponse) throws java.io.IOException,javax.servlet.ServletException
2016-11-05 08:36:49 10030 [main] INFO  o.s.b.a.e.m.EndpointHandlerMapping - Mapped "{[/configprops || /configprops.json],methods=[GET],produces=[application/json]}" onto public java.lang.Object org.springframework.boot.actuate.endpoint.mvc.EndpointMvcAdapter.invoke()
2016-11-05 08:36:49 10032 [main] INFO  o.s.b.a.e.m.EndpointHandlerMapping - Mapped "{[/autoconfig || /autoconfig.json],methods=[GET],produces=[application/json]}" onto public java.lang.Object org.springframework.boot.actuate.endpoint.mvc.EndpointMvcAdapter.invoke()
2016-11-05 08:36:49 10033 [main] INFO  o.s.b.a.e.m.EndpointHandlerMapping - Mapped "{[/info || /info.json],methods=[GET],produces=[application/json]}" onto public java.lang.Object org.springframework.boot.actuate.endpoint.mvc.EndpointMvcAdapter.invoke()
2016-11-05 08:36:49 10037 [main] INFO  o.s.b.a.e.m.EndpointHandlerMapping - Mapped "{[/env/{name:.*}],methods=[GET],produces=[application/json]}" onto public java.lang.Object org.springframework.boot.actuate.endpoint.mvc.EnvironmentMvcEndpoint.value(java.lang.String)
2016-11-05 08:36:49 10037 [main] INFO  o.s.b.a.e.m.EndpointHandlerMapping - Mapped "{[/env || /env.json],methods=[GET],produces=[application/json]}" onto public java.lang.Object org.springframework.boot.actuate.endpoint.mvc.EndpointMvcAdapter.invoke()
2016-11-05 08:36:49 10041 [main] INFO  o.s.b.a.e.m.EndpointHandlerMapping - Mapped "{[/metrics/{name:.*}],methods=[GET],produces=[application/json]}" onto public java.lang.Object org.springframework.boot.actuate.endpoint.mvc.MetricsMvcEndpoint.value(java.lang.String)
2016-11-05 08:36:49 10042 [main] INFO  o.s.b.a.e.m.EndpointHandlerMapping - Mapped "{[/metrics || /metrics.json],methods=[GET],produces=[application/json]}" onto public java.lang.Object org.springframework.boot.actuate.endpoint.mvc.EndpointMvcAdapter.invoke()
2016-11-05 08:36:49 10043 [main] INFO  o.s.b.a.e.m.EndpointHandlerMapping - Mapped "{[/beans || /beans.json],methods=[GET],produces=[application/json]}" onto public java.lang.Object org.springframework.boot.actuate.endpoint.mvc.EndpointMvcAdapter.invoke()
2016-11-05 08:36:50 10495 [main] INFO  com.tts.service.UserServiceTests - Started UserServiceTests in 9.75 seconds (JVM running for 10.866)
2016-11-05 08:36:50 10554 [main] DEBUG org.hibernate.SQL - select TOP(?) user0_.id as id1_1_, user0_.password as password2_1_, user0_.username as username3_1_ from users user0_ where user0_.username like ?
2016-11-05 08:36:50 10558 [main] TRACE o.h.type.descriptor.sql.BasicBinder - binding parameter [2] as [VARCHAR] - [leongfeng%]
2016-11-05 08:36:50 10598 [main] DEBUG org.hibernate.SQL - select roles0_.user_id as user_id1_2_0_, roles0_.roles_id as roles_id2_2_0_, role1_.id as id1_0_1_, role1_.name as name2_0_1_ from users_roles roles0_ inner join roles role1_ on roles0_.roles_id=role1_.id where roles0_.user_id=?
2016-11-05 08:36:50 10600 [main] TRACE o.h.type.descriptor.sql.BasicBinder - binding parameter [1] as [INTEGER] - [1]
2016-11-05 08:36:50 10634 [Thread-3] INFO  o.s.o.j.LocalContainerEntityManagerFactoryBean - Closing JPA EntityManagerFactory for persistence unit 'default'
